The system is: Windows - 10.0.22000 - AMD64
Compiling the C compiler identification source file "CMakeCCompilerId.c" succeeded.
Compiler: C:/Program Files (x86)/Microsoft Visual Studio/2019/Community/VC/Tools/MSVC/14.29.30133/bin/Hostx86/x86/cl.exe 
Build flags: 
Id flags: -c 

The output was:
0
Microsoft (R) C/C++ Optimizing Compiler Version 19.29.30133 for x86
Copyright (C) Microsoft Corporation.  All rights reserved.

CMakeCCompilerId.c


Compilation of the C compiler identification source "CMakeCCompilerId.c" produced "CMakeCCompilerId.obj"

The C compiler identification is MSVC, found in "C:/Users/mabro/Desktop/Projet/Projet/cmake-build-debug/CMakeFiles/3.20.2/CompilerIdC/CMakeCCompilerId.obj"

Compiling the C compiler identification source file "CMakeCCompilerId.c" succeeded.
Compiler: C:/Program Files (x86)/Microsoft Visual Studio/2019/Community/VC/Tools/MSVC/14.29.30133/bin/Hostx86/x86/cl.exe 
Build flags: /DWIN32;/D_WINDOWS
Id flags: -c 

The output was:
0
Microsoft (R) C/C++ Optimizing Compiler Version 19.29.30133 for x86
Copyright (C) Microsoft Corporation.  All rights reserved.

CMakeCCompilerId.c


Compilation of the C compiler identification source "CMakeCCompilerId.c" produced "CMakeCCompilerId.obj"

The C compiler identification is MSVC, found in "C:/Users/mabro/Desktop/Projet/Projet/cmake-build-debug/CMakeFiles/3.20.2/CompilerIdC/CMakeCCompilerId.obj"

